2026-02-12 12:11:43 | CPU: 47% | MEM: 50% | DISK: 0% | LOAD: 1.80
2026-02-12 12:13:42 | CPU: 82% | MEM: 50% | DISK: 11% | LOAD: 0.85
2026-02-12 12:16:07 | CPU: 37% | MEM: 50% | DISK: 11% | LOAD: 1.08
[1m[1;36m
╔══════════════════════════════════════════════════════════════════════╗
║       ⚙  LINUX SYSTEM MONITORING DASHBOARD  ⚙                        ║
║       2026-02-12 12:14:31                                   ║
╚══════════════════════════════════════════════════════════════════════╝
[0m
 [1m[1;37mCPU USAGE[0m
[1;34m─[1;34m─[1;34m─[1;34m─[1;34m─[1;34m─[1;34m─[1;34m─[1;34m─[1;34m─[1;34m─[1;34m─[1;34m─[1;34m─[1;34m─[1;34m─[1;34m─[1;34m─[1;34m─[1;34m─[1;34m─[1;34m─[1;34m─[1;34m─[1;34m─[1;34m─[1;34m─[1;34m─[1;34m─[1;34m─[1;34m─[1;34m─[1;34m─[1;34m─[1;34m─[1;34m─[1;34m─[1;34m─[1;34m─[1;34m2026-02-12 12:16:43 | CPU: 49% | MEM: [1m[1;36m
╔══════════════════════════════════════════════════════════════════════╗
║       ⚙  LINUX SYSTEM MONITORING DASHBOARD  ⚙                        ║
║       2026-02-12 12:14:31                                   ║
╚══════════════════════════════════════════════════════════════════════╝
[0m
 [1m[1;37mCPU USAGE[0m
[1m[1;36m
╔══════════════════════════════════════════════════════════════════════╗
║       ⚙  LINUX SYSTEM MONITORING DASHBOARD  ⚙                        ║
║       2026-02-12 12:14:31                                   ║
╚══════════════════════════════════════════════════════════════════════╝
[0m
 [1m[1;37mCPU USAGE[0m
[1;34m─[1;34m─[1;34m─[1;34m─[1;34m─[1;34m─[1;34m─[1;34m─[1;34m─[1;34m─[1;34m─[1;34m─[1;34m─[1;34m─[1;34m─[1;34m─[1;34m─[1;34m─[1;34m─[1;34m─[1;34m─[1;34m─[1;34m─[1;34m─[1;34m─[1;34m─[1;34m─[1;34m─[1;34m─[1;34m─[1;34m─[1;34m─[1;34m─[1;34m─[1;34m─[1;34m─[1;34m─[1;34m─[1;34m─[1;34m% | DISK: [1m[1;36m
╔══════════════════════════════════════════════════════════════════════╗
║       ⚙  LINUX SYSTEM MONITORING DASHBOARD  ⚙                        ║
║       2026-02-12 12:14:31                                   ║
╚══════════════════════════════════════════════════════════════════════╝
[0m
 [1m[1;37mCPU USAGE[0m
[1m[1;36m
╔══════════════════════════════════════════════════════════════════════╗
║       ⚙  LINUX SYSTEM MONITORING DASHBOARD  ⚙                        ║
║       2026-02-12 12:14:31                                   ║
╚══════════════════════════════════════════════════════════════════════╝
[0m
 [1m[1;37mCPU USAGE[0m
[1;34m─[1;34m─[1;34m─[1;34m─[1;34m─[1;34m─[1;34m─[1;34m─[1;34m─[1;34m─[1;34m─[1;34m─[1;34m─[1;34m─[1;34m─[1;34m─[1;34m─[1;34m─[1;34m─[1;34m─[1;34m─[1;34m─[1;34m─[1;34m─[1;34m─[1;34m─[1;34m─[1;34m─[1;34m─[1;34m─[1;34m─[1;34m─[1;34m─[1;34m─[1;34m─[1;34m─[1;34m─[1;34m─[1;34m─[1;34m% | LOAD: [1m[1;36m ╔══════════════════════════════════════════════════════════════════════╗ ║ ⚙ LINUX SYSTEM MONITORING DASHBOARD ⚙ ║ ║ 2026-02-12 12:14:31 ║ ╚══════════════════════════════════════════════════════════════════════╝ [0m [1m[1;37mCPU USAGE[0m
[1m[1;36m
╔══════════════════════════════════════════════════════════════════════╗
║       ⚙  LINUX SYSTEM MONITORING DASHBOARD  ⚙                        ║
║       2026-02-12 12:14:31                                   ║
╚══════════════════════════════════════════════════════════════════════╝
[0m
 [1m[1;37mCPU USAGE[0m
[1;34m─[1;34m─[1;34m─[1;34m─[1;34m─[1;34m─[1;34m─[1;34m─[1;34m─[1;34m─[1;34m─[1;34m─[1;34m─[1;34m─[1;34m─[1;34m─[1;34m─[1;34m─[1;34m─[1;34m─[1;34m─[1;34m─[1;34m─[1;34m─[1;34m─[1;34m─[1;34m─[1;34m─[1;34m─[1;34m─[1;34m─[1;34m─[1;34m─[1;34m─[1;34m─[1;34m─[1;34m─[1;34m─[1;34m─[1;34m
2026-02-12 12:20:51 | CPU: 65% | MEM: 50% | DISK: 11% | LOAD: 1.75
[1m[1;36m
╔══════════════════════════════════════════════════════════════════════╗
║       ⚙  LINUX SYSTEM MONITORING DASHBOARD  ⚙                        ║
║       2026-02-12 12:16:48                                   ║
╚══════════════════════════════════════════════════════════════════════╝
[0m
 [1m[1;37mCPU USAGE[0m
[1;34m─[1;34m─[1;34m─[1;34m─[1;34m─[1;34m─[1;34m─[1;34m─[1;34m─[1;34m─[1;34m─[1;34m─[1;34m─[1;34m─[1;34m─[1;34m─[1;34m─[1;34m─[1;34m─[1;34m─[1;34m─[1;34m─[1;34m─[1;34m─[1;34m─[1;34m─[1;34m─[1;34m─[1;34m─[1;34m─[1;34m─[1;34m─[1;34m─[1;34m─[1;34m─[1;34m─[1;34m─[1;34m─[1;34m─[1;34m2026-02-12 12:21:43 | CPU: 29% | MEM: [1m[1;36m
╔══════════════════════════════════════════════════════════════════════╗
║       ⚙  LINUX SYSTEM MONITORING DASHBOARD  ⚙                        ║
║       2026-02-12 12:16:48                                   ║
╚══════════════════════════════════════════════════════════════════════╝
[0m
 [1m[1;37mCPU USAGE[0m
[1m[1;36m
╔══════════════════════════════════════════════════════════════════════╗
║       ⚙  LINUX SYSTEM MONITORING DASHBOARD  ⚙                        ║
║       2026-02-12 12:16:48                                   ║
╚══════════════════════════════════════════════════════════════════════╝
[0m
 [1m[1;37mCPU USAGE[0m
[1;34m─[1;34m─[1;34m─[1;34m─[1;34m─[1;34m─[1;34m─[1;34m─[1;34m─[1;34m─[1;34m─[1;34m─[1;34m─[1;34m─[1;34m─[1;34m─[1;34m─[1;34m─[1;34m─[1;34m─[1;34m─[1;34m─[1;34m─[1;34m─[1;34m─[1;34m─[1;34m─[1;34m─[1;34m─[1;34m─[1;34m─[1;34m─[1;34m─[1;34m─[1;34m─[1;34m─[1;34m─[1;34m─[1;34m─[1;34m% | DISK: [1m[1;36m
╔══════════════════════════════════════════════════════════════════════╗
║       ⚙  LINUX SYSTEM MONITORING DASHBOARD  ⚙                        ║
║       2026-02-12 12:16:48                                   ║
╚══════════════════════════════════════════════════════════════════════╝
[0m
 [1m[1;37mCPU USAGE[0m
[1m[1;36m
╔══════════════════════════════════════════════════════════════════════╗
║       ⚙  LINUX SYSTEM MONITORING DASHBOARD  ⚙                        ║
║       2026-02-12 12:16:48                                   ║
╚══════════════════════════════════════════════════════════════════════╝
[0m
 [1m[1;37mCPU USAGE[0m
[1;34m─[1;34m─[1;34m─[1;34m─[1;34m─[1;34m─[1;34m─[1;34m─[1;34m─[1;34m─[1;34m─[1;34m─[1;34m─[1;34m─[1;34m─[1;34m─[1;34m─[1;34m─[1;34m─[1;34m─[1;34m─[1;34m─[1;34m─[1;34m─[1;34m─[1;34m─[1;34m─[1;34m─[1;34m─[1;34m─[1;34m─[1;34m─[1;34m─[1;34m─[1;34m─[1;34m─[1;34m─[1;34m─[1;34m─[1;34m% | LOAD: [1m[1;36m ╔══════════════════════════════════════════════════════════════════════╗ ║ ⚙ LINUX SYSTEM MONITORING DASHBOARD ⚙ ║ ║ 2026-02-12 12:16:48 ║ ╚══════════════════════════════════════════════════════════════════════╝ [0m [1m[1;37mCPU USAGE[0m
[1m[1;36m
╔══════════════════════════════════════════════════════════════════════╗
║       ⚙  LINUX SYSTEM MONITORING DASHBOARD  ⚙                        ║
║       2026-02-12 12:16:48                                   ║
╚══════════════════════════════════════════════════════════════════════╝
[0m
 [1m[1;37mCPU USAGE[0m
[1;34m─[1;34m─[1;34m─[1;34m─[1;34m─[1;34m─[1;34m─[1;34m─[1;34m─[1;34m─[1;34m─[1;34m─[1;34m─[1;34m─[1;34m─[1;34m─[1;34m─[1;34m─[1;34m─[1;34m─[1;34m─[1;34m─[1;34m─[1;34m─[1;34m─[1;34m─[1;34m─[1;34m─[1;34m─[1;34m─[1;34m─[1;34m─[1;34m─[1;34m─[1;34m─[1;34m─[1;34m─[1;34m─[1;34m─[1;34m
2026-02-12 12:25:32 | CPU: 19% | MEM: 50% | DISK: 11% | LOAD: 1.78
[1m[1;36m
╔══════════════════════════════════════════════════════════════════════╗
║       ⚙  LINUX SYSTEM MONITORING DASHBOARD  ⚙                        ║
║       2026-02-12 12:21:48                                   ║
╚══════════════════════════════════════════════════════════════════════╝
[0m
 [1m[1;37mCPU USAGE[0m
[1;34m─[1;34m─[1;34m─[1;34m─[1;34m─[1;34m─[1;34m─[1;34m─[1;34m─[1;34m─[1;34m─[1;34m─[1;34m─[1;34m─[1;34m─[1;34m─[1;34m─[1;34m─[1;34m─[1;34m─[1;34m─[1;34m─[1;34m─[1;34m─[1;34m─[1;34m─[1;34m─[1;34m─[1;34m─[1;34m─[1;34m─[1;34m─[1;34m─[1;34m─[1;34m─[1;34m─[1;34m─[1;34m─[1;34m─[1;34m2026-02-12 12:26:43 | CPU: 25% | MEM: [1m[1;36m
╔══════════════════════════════════════════════════════════════════════╗
║       ⚙  LINUX SYSTEM MONITORING DASHBOARD  ⚙                        ║
║       2026-02-12 12:21:48                                   ║
╚══════════════════════════════════════════════════════════════════════╝
[0m
 [1m[1;37mCPU USAGE[0m
[1m[1;36m
╔══════════════════════════════════════════════════════════════════════╗
║       ⚙  LINUX SYSTEM MONITORING DASHBOARD  ⚙                        ║
║       2026-02-12 12:21:48                                   ║
╚══════════════════════════════════════════════════════════════════════╝
[0m
 [1m[1;37mCPU USAGE[0m
[1;34m─[1;34m─[1;34m─[1;34m─[1;34m─[1;34m─[1;34m─[1;34m─[1;34m─[1;34m─[1;34m─[1;34m─[1;34m─[1;34m─[1;34m─[1;34m─[1;34m─[1;34m─[1;34m─[1;34m─[1;34m─[1;34m─[1;34m─[1;34m─[1;34m─[1;34m─[1;34m─[1;34m─[1;34m─[1;34m─[1;34m─[1;34m─[1;34m─[1;34m─[1;34m─[1;34m─[1;34m─[1;34m─[1;34m─[1;34m% | DISK: [1m[1;36m
╔══════════════════════════════════════════════════════════════════════╗
║       ⚙  LINUX SYSTEM MONITORING DASHBOARD  ⚙                        ║
║       2026-02-12 12:21:48                                   ║
╚══════════════════════════════════════════════════════════════════════╝
[0m
 [1m[1;37mCPU USAGE[0m
[1m[1;36m
╔══════════════════════════════════════════════════════════════════════╗
║       ⚙  LINUX SYSTEM MONITORING DASHBOARD  ⚙                        ║
║       2026-02-12 12:21:48                                   ║
╚══════════════════════════════════════════════════════════════════════╝
[0m
 [1m[1;37mCPU USAGE[0m
[1;34m─[1;34m─[1;34m─[1;34m─[1;34m─[1;34m─[1;34m─[1;34m─[1;34m─[1;34m─[1;34m─[1;34m─[1;34m─[1;34m─[1;34m─[1;34m─[1;34m─[1;34m─[1;34m─[1;34m─[1;34m─[1;34m─[1;34m─[1;34m─[1;34m─[1;34m─[1;34m─[1;34m─[1;34m─[1;34m─[1;34m─[1;34m─[1;34m─[1;34m─[1;34m─[1;34m─[1;34m─[1;34m─[1;34m─[1;34m% | LOAD: [1m[1;36m ╔══════════════════════════════════════════════════════════════════════╗ ║ ⚙ LINUX SYSTEM MONITORING DASHBOARD ⚙ ║ ║ 2026-02-12 12:21:48 ║ ╚══════════════════════════════════════════════════════════════════════╝ [0m [1m[1;37mCPU USAGE[0m
[1m[1;36m
╔══════════════════════════════════════════════════════════════════════╗
║       ⚙  LINUX SYSTEM MONITORING DASHBOARD  ⚙                        ║
║       2026-02-12 12:21:48                                   ║
╚══════════════════════════════════════════════════════════════════════╝
[0m
 [1m[1;37mCPU USAGE[0m
[1;34m─[1;34m─[1;34m─[1;34m─[1;34m─[1;34m─[1;34m─[1;34m─[1;34m─[1;34m─[1;34m─[1;34m─[1;34m─[1;34m─[1;34m─[1;34m─[1;34m─[1;34m─[1;34m─[1;34m─[1;34m─[1;34m─[1;34m─[1;34m─[1;34m─[1;34m─[1;34m─[1;34m─[1;34m─[1;34m─[1;34m─[1;34m─[1;34m─[1;34m─[1;34m─[1;34m─[1;34m─[1;34m─[1;34m─[1;34m
2026-02-12 12:30:33 | CPU: 20% | MEM: 50% | DISK: 11% | LOAD: 1.42
[1m[1;36m
╔══════════════════════════════════════════════════════════════════════╗
║       ⚙  LINUX SYSTEM MONITORING DASHBOARD  ⚙                        ║
║       2026-02-12 12:26:48                                   ║
╚══════════════════════════════════════════════════════════════════════╝
[0m
 [1m[1;37mCPU USAGE[0m
[1;34m─[1;34m─[1;34m─[1;34m─[1;34m─[1;34m─[1;34m─[1;34m─[1;34m─[1;34m─[1;34m─[1;34m─[1;34m─[1;34m─[1;34m─[1;34m─[1;34m─[1;34m─[1;34m─[1;34m─[1;34m─[1;34m─[1;34m─[1;34m─[1;34m─[1;34m─[1;34m─[1;34m─[1;34m─[1;34m─[1;34m─[1;34m─[1;34m─[1;34m─[1;34m─[1;34m─[1;34m─[1;34m─[1;34m─[1;34m2026-02-12 12:31:43 | CPU: 19% | MEM: [1m[1;36m
╔══════════════════════════════════════════════════════════════════════╗
║       ⚙  LINUX SYSTEM MONITORING DASHBOARD  ⚙                        ║
║       2026-02-12 12:26:48                                   ║
╚══════════════════════════════════════════════════════════════════════╝
[0m
 [1m[1;37mCPU USAGE[0m
[1m[1;36m
╔══════════════════════════════════════════════════════════════════════╗
║       ⚙  LINUX SYSTEM MONITORING DASHBOARD  ⚙                        ║
║       2026-02-12 12:26:48                                   ║
╚══════════════════════════════════════════════════════════════════════╝
[0m
 [1m[1;37mCPU USAGE[0m
[1;34m─[1;34m─[1;34m─[1;34m─[1;34m─[1;34m─[1;34m─[1;34m─[1;34m─[1;34m─[1;34m─[1;34m─[1;34m─[1;34m─[1;34m─[1;34m─[1;34m─[1;34m─[1;34m─[1;34m─[1;34m─[1;34m─[1;34m─[1;34m─[1;34m─[1;34m─[1;34m─[1;34m─[1;34m─[1;34m─[1;34m─[1;34m─[1;34m─[1;34m─[1;34m─[1;34m─[1;34m─[1;34m─[1;34m─[1;34m% | DISK: [1m[1;36m
╔══════════════════════════════════════════════════════════════════════╗
║       ⚙  LINUX SYSTEM MONITORING DASHBOARD  ⚙                        ║
║       2026-02-12 12:26:48                                   ║
╚══════════════════════════════════════════════════════════════════════╝
[0m
 [1m[1;37mCPU USAGE[0m
[1m[1;36m
╔══════════════════════════════════════════════════════════════════════╗
║       ⚙  LINUX SYSTEM MONITORING DASHBOARD  ⚙                        ║
║       2026-02-12 12:26:48                                   ║
╚══════════════════════════════════════════════════════════════════════╝
[0m
 [1m[1;37mCPU USAGE[0m
[1;34m─[1;34m─[1;34m─[1;34m─[1;34m─[1;34m─[1;34m─[1;34m─[1;34m─[1;34m─[1;34m─[1;34m─[1;34m─[1;34m─[1;34m─[1;34m─[1;34m─[1;34m─[1;34m─[1;34m─[1;34m─[1;34m─[1;34m─[1;34m─[1;34m─[1;34m─[1;34m─[1;34m─[1;34m─[1;34m─[1;34m─[1;34m─[1;34m─[1;34m─[1;34m─[1;34m─[1;34m─[1;34m─[1;34m─[1;34m% | LOAD: [1m[1;36m ╔══════════════════════════════════════════════════════════════════════╗ ║ ⚙ LINUX SYSTEM MONITORING DASHBOARD ⚙ ║ ║ 2026-02-12 12:26:48 ║ ╚══════════════════════════════════════════════════════════════════════╝ [0m [1m[1;37mCPU USAGE[0m
[1m[1;36m
╔══════════════════════════════════════════════════════════════════════╗
║       ⚙  LINUX SYSTEM MONITORING DASHBOARD  ⚙                        ║
║       2026-02-12 12:26:48                                   ║
╚══════════════════════════════════════════════════════════════════════╝
[0m
 [1m[1;37mCPU USAGE[0m
[1;34m─[1;34m─[1;34m─[1;34m─[1;34m─[1;34m─[1;34m─[1;34m─[1;34m─[1;34m─[1;34m─[1;34m─[1;34m─[1;34m─[1;34m─[1;34m─[1;34m─[1;34m─[1;34m─[1;34m─[1;34m─[1;34m─[1;34m─[1;34m─[1;34m─[1;34m─[1;34m─[1;34m─[1;34m─[1;34m─[1;34m─[1;34m─[1;34m─[1;34m─[1;34m─[1;34m─[1;34m─[1;34m─[1;34m─[1;34m
2026-02-12 12:35:33 | CPU: 87% | MEM: 50% | DISK: 11% | LOAD: 2.11
[1m[1;36m
╔══════════════════════════════════════════════════════════════════════╗
║       ⚙  LINUX SYSTEM MONITORING DASHBOARD  ⚙                        ║
║       2026-02-12 12:31:48                                   ║
╚══════════════════════════════════════════════════════════════════════╝
[0m
 [1m[1;37mCPU USAGE[0m
[1;34m─[1;34m─[1;34m─[1;34m─[1;34m─[1;34m─[1;34m─[1;34m─[1;34m─[1;34m─[1;34m─[1;34m─[1;34m─[1;34m─[1;34m─[1;34m─[1;34m─[1;34m─[1;34m─[1;34m─[1;34m─[1;34m─[1;34m─[1;34m─[1;34m─[1;34m─[1;34m─[1;34m─[1;34m─[1;34m─[1;34m─[1;34m─[1;34m─[1;34m─[1;34m─[1;34m─[1;34m─[1;34m─[1;34m─[1;34m2026-02-12 12:36:47 | CPU: 45% | MEM: [1m[1;36m
╔══════════════════════════════════════════════════════════════════════╗
║       ⚙  LINUX SYSTEM MONITORING DASHBOARD  ⚙                        ║
║       2026-02-12 12:31:48                                   ║
╚══════════════════════════════════════════════════════════════════════╝
[0m
 [1m[1;37mCPU USAGE[0m
[1m[1;36m
╔══════════════════════════════════════════════════════════════════════╗
║       ⚙  LINUX SYSTEM MONITORING DASHBOARD  ⚙                        ║
║       2026-02-12 12:31:48                                   ║
╚══════════════════════════════════════════════════════════════════════╝
[0m
 [1m[1;37mCPU USAGE[0m
[1;34m─[1;34m─[1;34m─[1;34m─[1;34m─[1;34m─[1;34m─[1;34m─[1;34m─[1;34m─[1;34m─[1;34m─[1;34m─[1;34m─[1;34m─[1;34m─[1;34m─[1;34m─[1;34m─[1;34m─[1;34m─[1;34m─[1;34m─[1;34m─[1;34m─[1;34m─[1;34m─[1;34m─[1;34m─[1;34m─[1;34m─[1;34m─[1;34m─[1;34m─[1;34m─[1;34m─[1;34m─[1;34m─[1;34m─[1;34m% | DISK: [1m[1;36m
╔══════════════════════════════════════════════════════════════════════╗
║       ⚙  LINUX SYSTEM MONITORING DASHBOARD  ⚙                        ║
║       2026-02-12 12:31:48                                   ║
╚══════════════════════════════════════════════════════════════════════╝
[0m
 [1m[1;37mCPU USAGE[0m
[1m[1;36m
╔══════════════════════════════════════════════════════════════════════╗
║       ⚙  LINUX SYSTEM MONITORING DASHBOARD  ⚙                        ║
║       2026-02-12 12:31:48                                   ║
╚══════════════════════════════════════════════════════════════════════╝
[0m
 [1m[1;37mCPU USAGE[0m
[1;34m─[1;34m─[1;34m─[1;34m─[1;34m─[1;34m─[1;34m─[1;34m─[1;34m─[1;34m─[1;34m─[1;34m─[1;34m─[1;34m─[1;34m─[1;34m─[1;34m─[1;34m─[1;34m─[1;34m─[1;34m─[1;34m─[1;34m─[1;34m─[1;34m─[1;34m─[1;34m─[1;34m─[1;34m─[1;34m─[1;34m─[1;34m─[1;34m─[1;34m─[1;34m─[1;34m─[1;34m─[1;34m─[1;34m─[1;34m% | LOAD: [1m[1;36m ╔══════════════════════════════════════════════════════════════════════╗ ║ ⚙ LINUX SYSTEM MONITORING DASHBOARD ⚙ ║ ║ 2026-02-12 12:31:48 ║ ╚══════════════════════════════════════════════════════════════════════╝ [0m [1m[1;37mCPU USAGE[0m
[1m[1;36m
╔══════════════════════════════════════════════════════════════════════╗
║       ⚙  LINUX SYSTEM MONITORING DASHBOARD  ⚙                        ║
║       2026-02-12 12:31:48                                   ║
╚══════════════════════════════════════════════════════════════════════╝
[0m
 [1m[1;37mCPU USAGE[0m
[1;34m─[1;34m─[1;34m─[1;34m─[1;34m─[1;34m─[1;34m─[1;34m─[1;34m─[1;34m─[1;34m─[1;34m─[1;34m─[1;34m─[1;34m─[1;34m─[1;34m─[1;34m─[1;34m─[1;34m─[1;34m─[1;34m─[1;34m─[1;34m─[1;34m─[1;34m─[1;34m─[1;34m─[1;34m─[1;34m─[1;34m─[1;34m─[1;34m─[1;34m─[1;34m─[1;34m─[1;34m─[1;34m─[1;34m─[1;34m
2026-02-12 12:39:06 | CPU: 8% | MEM: 45% | DISK: 11% | LOAD: 1.44
2026-02-12 12:41:29 | CPU: 36% | MEM: 50% | DISK: 11% | LOAD: 1.52
[1m[1;36m
╔══════════════════════════════════════════════════════════════════════╗
║       ⚙  LINUX SYSTEM MONITORING DASHBOARD  ⚙                        ║
║       2026-02-12 12:36:52                                   ║
╚══════════════════════════════════════════════════════════════════════╝
[0m
 [1m[1;37mCPU USAGE[0m
[1;34m─[1;34m─[1;34m─[1;34m─[1;34m─[1;34m─[1;34m─[1;34m─[1;34m─[1;34m─[1;34m─[1;34m─[1;34m─[1;34m─[1;34m─[1;34m─[1;34m─[1;34m─[1;34m─[1;34m─[1;34m─[1;34m─[1;34m─[1;34m─[1;34m─[1;34m─[1;34m─[1;34m─[1;34m─[1;34m─[1;34m─[1;34m─[1;34m─[1;34m─[1;34m─[1;34m─[1;34m─[1;34m─[1;34m─[1;34m2026-02-12 12:41:47 | CPU: 81% | MEM: [1m[1;36m
╔══════════════════════════════════════════════════════════════════════╗
║       ⚙  LINUX SYSTEM MONITORING DASHBOARD  ⚙                        ║
║       2026-02-12 12:36:52                                   ║
╚══════════════════════════════════════════════════════════════════════╝
[0m
 [1m[1;37mCPU USAGE[0m
[1m[1;36m
╔══════════════════════════════════════════════════════════════════════╗
║       ⚙  LINUX SYSTEM MONITORING DASHBOARD  ⚙                        ║
║       2026-02-12 12:36:52                                   ║
╚══════════════════════════════════════════════════════════════════════╝
[0m
 [1m[1;37mCPU USAGE[0m
[1;34m─[1;34m─[1;34m─[1;34m─[1;34m─[1;34m─[1;34m─[1;34m─[1;34m─[1;34m─[1;34m─[1;34m─[1;34m─[1;34m─[1;34m─[1;34m─[1;34m─[1;34m─[1;34m─[1;34m─[1;34m─[1;34m─[1;34m─[1;34m─[1;34m─[1;34m─[1;34m─[1;34m─[1;34m─[1;34m─[1;34m─[1;34m─[1;34m─[1;34m─[1;34m─[1;34m─[1;34m─[1;34m─[1;34m─[1;34m% | DISK: [1m[1;36m
╔══════════════════════════════════════════════════════════════════════╗
║       ⚙  LINUX SYSTEM MONITORING DASHBOARD  ⚙                        ║
║       2026-02-12 12:36:52                                   ║
╚══════════════════════════════════════════════════════════════════════╝
[0m
 [1m[1;37mCPU USAGE[0m
[1m[1;36m
╔══════════════════════════════════════════════════════════════════════╗
║       ⚙  LINUX SYSTEM MONITORING DASHBOARD  ⚙                        ║
║       2026-02-12 12:36:52                                   ║
╚══════════════════════════════════════════════════════════════════════╝
[0m
 [1m[1;37mCPU USAGE[0m
[1;34m─[1;34m─[1;34m─[1;34m─[1;34m─[1;34m─[1;34m─[1;34m─[1;34m─[1;34m─[1;34m─[1;34m─[1;34m─[1;34m─[1;34m─[1;34m─[1;34m─[1;34m─[1;34m─[1;34m─[1;34m─[1;34m─[1;34m─[1;34m─[1;34m─[1;34m─[1;34m─[1;34m─[1;34m─[1;34m─[1;34m─[1;34m─[1;34m─[1;34m─[1;34m─[1;34m─[1;34m─[1;34m─[1;34m─[1;34m% | LOAD: [1m[1;36m ╔══════════════════════════════════════════════════════════════════════╗ ║ ⚙ LINUX SYSTEM MONITORING DASHBOARD ⚙ ║ ║ 2026-02-12 12:36:52 ║ ╚══════════════════════════════════════════════════════════════════════╝ [0m [1m[1;37mCPU USAGE[0m
[1m[1;36m
╔══════════════════════════════════════════════════════════════════════╗
║       ⚙  LINUX SYSTEM MONITORING DASHBOARD  ⚙                        ║
║       2026-02-12 12:36:52                                   ║
╚══════════════════════════════════════════════════════════════════════╝
[0m
 [1m[1;37mCPU USAGE[0m
[1;34m─[1;34m─[1;34m─[1;34m─[1;34m─[1;34m─[1;34m─[1;34m─[1;34m─[1;34m─[1;34m─[1;34m─[1;34m─[1;34m─[1;34m─[1;34m─[1;34m─[1;34m─[1;34m─[1;34m─[1;34m─[1;34m─[1;34m─[1;34m─[1;34m─[1;34m─[1;34m─[1;34m─[1;34m─[1;34m─[1;34m─[1;34m─[1;34m─[1;34m─[1;34m─[1;34m─[1;34m─[1;34m─[1;34m─[1;34m
2026-02-12 12:43:46 | CPU: 6% | MEM: 50% | DISK: 11% | LOAD: 1.55
2026-02-12 12:44:07 | CPU: 103% | MEM: 50% | DISK: 11% | LOAD: 1.43
[1m[1;36m
╔══════════════════════════════════════════════════════════════════════╗
║       ⚙  LINUX SYSTEM MONITORING DASHBOARD  ⚙                        ║
║       2026-02-12 12:41:52                                   ║
╚══════════════════════════════════════════════════════════════════════╝
[0m
 [1m[1;37mCPU USAGE[0m
[1;34m─[1;34m─[1;34m─[1;34m─[1;34m─[1;34m─[1;34m─[1;34m─[1;34m─[1;34m─[1;34m─[1;34m─[1;34m─[1;34m─[1;34m─[1;34m─[1;34m─[1;34m─[1;34m─[1;34m─[1;34m─[1;34m─[1;34m─[1;34m─[1;34m─[1;34m─[1;34m─[1;34m─[1;34m─[1;34m─[1;34m─[1;34m─[1;34m─[1;34m─[1;34m─[1;34m─[1;34m─[1;34m─[1;34m─[1;34m2026-02-12 12:46:47 | CPU: 32% | MEM: [1m[1;36m
╔══════════════════════════════════════════════════════════════════════╗
║       ⚙  LINUX SYSTEM MONITORING DASHBOARD  ⚙                        ║
║       2026-02-12 12:41:52                                   ║
╚══════════════════════════════════════════════════════════════════════╝
[0m
 [1m[1;37mCPU USAGE[0m
[1m[1;36m
╔══════════════════════════════════════════════════════════════════════╗
║       ⚙  LINUX SYSTEM MONITORING DASHBOARD  ⚙                        ║
║       2026-02-12 12:41:52                                   ║
╚══════════════════════════════════════════════════════════════════════╝
[0m
 [1m[1;37mCPU USAGE[0m
[1;34m─[1;34m─[1;34m─[1;34m─[1;34m─[1;34m─[1;34m─[1;34m─[1;34m─[1;34m─[1;34m─[1;34m─[1;34m─[1;34m─[1;34m─[1;34m─[1;34m─[1;34m─[1;34m─[1;34m─[1;34m─[1;34m─[1;34m─[1;34m─[1;34m─[1;34m─[1;34m─[1;34m─[1;34m─[1;34m─[1;34m─[1;34m─[1;34m─[1;34m─[1;34m─[1;34m─[1;34m─[1;34m─[1;34m─[1;34m% | DISK: [1m[1;36m
╔══════════════════════════════════════════════════════════════════════╗
║       ⚙  LINUX SYSTEM MONITORING DASHBOARD  ⚙                        ║
║       2026-02-12 12:41:52                                   ║
╚══════════════════════════════════════════════════════════════════════╝
[0m
 [1m[1;37mCPU USAGE[0m
[1m[1;36m
╔══════════════════════════════════════════════════════════════════════╗
║       ⚙  LINUX SYSTEM MONITORING DASHBOARD  ⚙                        ║
║       2026-02-12 12:41:52                                   ║
╚══════════════════════════════════════════════════════════════════════╝
[0m
 [1m[1;37mCPU USAGE[0m
[1;34m─[1;34m─[1;34m─[1;34m─[1;34m─[1;34m─[1;34m─[1;34m─[1;34m─[1;34m─[1;34m─[1;34m─[1;34m─[1;34m─[1;34m─[1;34m─[1;34m─[1;34m─[1;34m─[1;34m─[1;34m─[1;34m─[1;34m─[1;34m─[1;34m─[1;34m─[1;34m─[1;34m─[1;34m─[1;34m─[1;34m─[1;34m─[1;34m─[1;34m─[1;34m─[1;34m─[1;34m─[1;34m─[1;34m─[1;34m% | LOAD: [1m[1;36m ╔══════════════════════════════════════════════════════════════════════╗ ║ ⚙ LINUX SYSTEM MONITORING DASHBOARD ⚙ ║ ║ 2026-02-12 12:41:52 ║ ╚══════════════════════════════════════════════════════════════════════╝ [0m [1m[1;37mCPU USAGE[0m
[1m[1;36m
╔══════════════════════════════════════════════════════════════════════╗
║       ⚙  LINUX SYSTEM MONITORING DASHBOARD  ⚙                        ║
║       2026-02-12 12:41:52                                   ║
╚══════════════════════════════════════════════════════════════════════╝
[0m
 [1m[1;37mCPU USAGE[0m
[1;34m─[1;34m─[1;34m─[1;34m─[1;34m─[1;34m─[1;34m─[1;34m─[1;34m─[1;34m─[1;34m─[1;34m─[1;34m─[1;34m─[1;34m─[1;34m─[1;34m─[1;34m─[1;34m─[1;34m─[1;34m─[1;34m─[1;34m─[1;34m─[1;34m─[1;34m─[1;34m─[1;34m─[1;34m─[1;34m─[1;34m─[1;34m─[1;34m─[1;34m─[1;34m─[1;34m─[1;34m─[1;34m─[1;34m─[1;34m
